  [1m[36m (39.1ms)[0m  [1mCREATE TABLE "schema_migrations" ("version" varchar NOT NULL) [0m
  [1m[35m (0.1ms)[0m  select sqlite_version(*)
  [1m[36m (8.0ms)[0m  [1mCREATE UNIQUE INDEX "unique_schema_migrations" ON "schema_migrations" ("version")[0m
  [1m[35mActiveRecord::SchemaMigration Load (0.3ms)[0m  SELECT "schema_migrations".* FROM "schema_migrations"
Migrating to CreateStudents (20190202202248)
  [1m[36m (0.1ms)[0m  [1mbegin transaction[0m
  [1m[35m (0.1ms)[0m  rollback transaction
  [1m[36mActiveRecord::SchemaMigration Load (0.2ms)[0m  [1mSELECT "schema_migrations".* FROM "schema_migrations"[0m
Migrating to CreateStudents (20190202202248)
  [1m[35m (0.1ms)[0m  begin transaction
  [1m[36m (1.8ms)[0m  [1mCREATE TABLE "students" ("id" INTEGER PRIMARY KEY AUTOINCREMENT NOT NULL, "first_name" varchar, "last_name" varchar, "email" varchar) [0m
  [1m[35mSQL (0.2ms)[0m  INSERT INTO "schema_migrations" ("version") VALUES (?)  [["version", "20190202202248"]]
  [1m[36m (8.8ms)[0m  [1mcommit transaction[0m
  [1m[35mActiveRecord::SchemaMigration Load (0.2ms)[0m  SELECT "schema_migrations".* FROM "schema_migrations"
  [1m[36m (6.9ms)[0m  [1mDROP TABLE "students"[0m
  [1m[35m (7.0ms)[0m  CREATE TABLE "students" ("id" INTEGER PRIMARY KEY AUTOINCREMENT NOT NULL, "first_name" varchar, "last_name" varchar, "email" varchar) 
  [1m[36m (0.3ms)[0m  [1mSELECT version FROM "schema_migrations"[0m
  [1m[35m (35.3ms)[0m  CREATE TABLE "students" ("id" INTEGER PRIMARY KEY AUTOINCREMENT NOT NULL, "first_name" varchar, "last_name" varchar, "email" varchar) 
  [1m[36m (14.7ms)[0m  [1mCREATE TABLE "schema_migrations" ("version" varchar NOT NULL) [0m
  [1m[35m (0.1ms)[0m  select sqlite_version(*)
  [1m[36m (9.7ms)[0m  [1mCREATE UNIQUE INDEX "unique_schema_migrations" ON "schema_migrations" ("version")[0m
  [1m[35m (0.3ms)[0m  SELECT version FROM "schema_migrations"
  [1m[36m (10.3ms)[0m  [1mINSERT INTO "schema_migrations" (version) VALUES ('20190202202248')[0m
  [1m[36mActiveRecord::SchemaMigration Load (1.0ms)[0m  [1mSELECT "schema_migrations".* FROM "schema_migrations"[0m
Migrating to DeviseCreateStudents (20190204034859)
  [1m[35m (0.1ms)[0m  begin transaction
DEPRECATION WARNING: `#timestamps` was called without specifying an option for `null`. In Rails 5, this behavior will change to `null: false`. You should manually specify `null: true` to prevent the behavior of your existing migrations from changing. (called from block in change at /mnt/c/Home/SELT_REPOS/SPP300/db/migrate/20190204034859_devise_create_students.rb:24)
  [1m[36m (0.5ms)[0m  [1mCREATE TABLE "students" ("id" INTEGER PRIMARY KEY AUTOINCREMENT NOT NULL, "email" varchar DEFAULT '' NOT NULL, "encrypted_password" varchar DEFAULT '' NOT NULL, "username" varchar NOT NULL, "first_name" varchar NOT NULL, "last_name" varchar NOT NULL, "reset_password_token" varchar, "reset_password_sent_at" datetime, "remember_created_at" datetime, "sign_in_count" integer DEFAULT 0 NOT NULL, "current_sign_in_at" datetime, "last_sign_in_at" datetime, "current_sign_in_ip" varchar, "last_sign_in_ip" varchar, "session_token" varchar, "created_at" datetime, "updated_at" datetime) [0m
  [1m[35m (0.1ms)[0m  rollback transaction
  [1m[36m (80.9ms)[0m  [1mCREATE TABLE "schema_migrations" ("version" varchar NOT NULL) [0m
  [1m[35m (0.2ms)[0m  select sqlite_version(*)
  [1m[36m (10.3ms)[0m  [1mCREATE UNIQUE INDEX "unique_schema_migrations" ON "schema_migrations" ("version")[0m
  [1m[35mActiveRecord::SchemaMigration Load (0.7ms)[0m  SELECT "schema_migrations".* FROM "schema_migrations"
Migrating to DeviseCreateStudents (20190204034859)
  [1m[36m (0.1ms)[0m  [1mbegin transaction[0m
DEPRECATION WARNING: `#timestamps` was called without specifying an option for `null`. In Rails 5, this behavior will change to `null: false`. You should manually specify `null: true` to prevent the behavior of your existing migrations from changing. (called from block in change at /mnt/c/Home/SELT_REPOS/SPP300/db/migrate/20190204034859_devise_create_students.rb:24)
  [1m[35m (3.7ms)[0m  CREATE TABLE "students" ("id" INTEGER PRIMARY KEY AUTOINCREMENT NOT NULL, "email" varchar DEFAULT '' NOT NULL, "encrypted_password" varchar DEFAULT '' NOT NULL, "username" varchar NOT NULL, "first_name" varchar NOT NULL, "last_name" varchar NOT NULL, "reset_password_token" varchar, "reset_password_sent_at" datetime, "remember_created_at" datetime, "sign_in_count" integer DEFAULT 0 NOT NULL, "current_sign_in_at" datetime, "last_sign_in_at" datetime, "current_sign_in_ip" varchar, "last_sign_in_ip" varchar, "session_token" varchar, "created_at" datetime, "updated_at" datetime) 
  [1m[36m (0.3ms)[0m  [1mCREATE UNIQUE INDEX "index_students_on_email" ON "students" ("email")[0m
  [1m[35m (0.8ms)[0m              SELECT sql
            FROM sqlite_master
            WHERE name='index_students_on_email' AND type='index'
            UNION ALL
            SELECT sql
            FROM sqlite_temp_master
            WHERE name='index_students_on_email' AND type='index'

  [1m[36m (0.3ms)[0m  [1mCREATE UNIQUE INDEX "index_students_on_reset_password_token" ON "students" ("reset_password_token")[0m
  [1m[35m (0.1ms)[0m              SELECT sql
            FROM sqlite_master
            WHERE name='index_students_on_reset_password_token' AND type='index'
            UNION ALL
            SELECT sql
            FROM sqlite_temp_master
            WHERE name='index_students_on_reset_password_token' AND type='index'

  [1m[36m (0.2ms)[0m  [1m            SELECT sql
            FROM sqlite_master
            WHERE name='index_students_on_email' AND type='index'
            UNION ALL
            SELECT sql
            FROM sqlite_temp_master
            WHERE name='index_students_on_email' AND type='index'
[0m
  [1m[35m (0.3ms)[0m  CREATE UNIQUE INDEX "index_students_on_username" ON "students" ("username")
  [1m[36mSQL (0.6ms)[0m  [1mINSERT INTO "schema_migrations" ("version") VALUES (?)[0m  [["version", "20190204034859"]]
  [1m[35m (6.7ms)[0m  commit transaction
  [1m[36mActiveRecord::SchemaMigration Load (0.7ms)[0m  [1mSELECT "schema_migrations".* FROM "schema_migrations"[0m
  [1m[35m (1.0ms)[0m              SELECT sql
            FROM sqlite_master
            WHERE name='index_students_on_username' AND type='index'
            UNION ALL
            SELECT sql
            FROM sqlite_temp_master
            WHERE name='index_students_on_username' AND type='index'

  [1m[36m (1.0ms)[0m  [1m            SELECT sql
            FROM sqlite_master
            WHERE name='index_students_on_reset_password_token' AND type='index'
            UNION ALL
            SELECT sql
            FROM sqlite_temp_master
            WHERE name='index_students_on_reset_password_token' AND type='index'
[0m
  [1m[35m (1.4ms)[0m              SELECT sql
            FROM sqlite_master
            WHERE name='index_students_on_email' AND type='index'
            UNION ALL
            SELECT sql
            FROM sqlite_temp_master
            WHERE name='index_students_on_email' AND type='index'

  [1m[36m (7.5ms)[0m  [1mDROP TABLE "students"[0m
  [1m[35m (5.5ms)[0m  CREATE TABLE "students" ("id" INTEGER PRIMARY KEY AUTOINCREMENT NOT NULL, "email" varchar DEFAULT '' NOT NULL, "encrypted_password" varchar DEFAULT '' NOT NULL, "username" varchar NOT NULL, "first_name" varchar NOT NULL, "last_name" varchar NOT NULL, "reset_password_token" varchar, "reset_password_sent_at" datetime, "remember_created_at" datetime, "sign_in_count" integer DEFAULT 0 NOT NULL, "current_sign_in_at" datetime, "last_sign_in_at" datetime, "current_sign_in_ip" varchar, "last_sign_in_ip" varchar, "session_token" varchar, "created_at" datetime, "updated_at" datetime) 
  [1m[36m (0.1ms)[0m  [1mselect sqlite_version(*)[0m
  [1m[35m (6.7ms)[0m  CREATE UNIQUE INDEX "index_students_on_email" ON "students" ("email")
  [1m[36m (0.5ms)[0m  [1m            SELECT sql
            FROM sqlite_master
            WHERE name='index_students_on_email' AND type='index'
            UNION ALL
            SELECT sql
            FROM sqlite_temp_master
            WHERE name='index_students_on_email' AND type='index'
[0m
  [1m[35m (6.2ms)[0m  CREATE UNIQUE INDEX "index_students_on_reset_password_token" ON "students" ("reset_password_token")
  [1m[36m (0.2ms)[0m  [1m            SELECT sql
            FROM sqlite_master
            WHERE name='index_students_on_reset_password_token' AND type='index'
            UNION ALL
            SELECT sql
            FROM sqlite_temp_master
            WHERE name='index_students_on_reset_password_token' AND type='index'
[0m
  [1m[35m (0.4ms)[0m              SELECT sql
            FROM sqlite_master
            WHERE name='index_students_on_email' AND type='index'
            UNION ALL
            SELECT sql
            FROM sqlite_temp_master
            WHERE name='index_students_on_email' AND type='index'

  [1m[36m (6.0ms)[0m  [1mCREATE UNIQUE INDEX "index_students_on_username" ON "students" ("username")[0m
  [1m[35m (0.3ms)[0m  SELECT version FROM "schema_migrations"
  [1m[36m (102.6ms)[0m  [1mCREATE TABLE "students" ("id" INTEGER PRIMARY KEY AUTOINCREMENT NOT NULL, "email" varchar DEFAULT '' NOT NULL, "encrypted_password" varchar DEFAULT '' NOT NULL, "username" varchar NOT NULL, "first_name" varchar NOT NULL, "last_name" varchar NOT NULL, "reset_password_token" varchar, "reset_password_sent_at" datetime, "remember_created_at" datetime, "sign_in_count" integer DEFAULT 0 NOT NULL, "current_sign_in_at" datetime, "last_sign_in_at" datetime, "current_sign_in_ip" varchar, "last_sign_in_ip" varchar, "session_token" varchar, "created_at" datetime, "updated_at" datetime) [0m
  [1m[35m (0.2ms)[0m  select sqlite_version(*)
  [1m[36m (26.2ms)[0m  [1mCREATE UNIQUE INDEX "index_students_on_email" ON "students" ("email")[0m
  [1m[35m (0.7ms)[0m              SELECT sql
            FROM sqlite_master
            WHERE name='index_students_on_email' AND type='index'
            UNION ALL
            SELECT sql
            FROM sqlite_temp_master
            WHERE name='index_students_on_email' AND type='index'

  [1m[36m (15.9ms)[0m  [1mCREATE UNIQUE INDEX "index_students_on_reset_password_token" ON "students" ("reset_password_token")[0m
  [1m[35m (0.8ms)[0m              SELECT sql
            FROM sqlite_master
            WHERE name='index_students_on_reset_password_token' AND type='index'
            UNION ALL
            SELECT sql
            FROM sqlite_temp_master
            WHERE name='index_students_on_reset_password_token' AND type='index'

  [1m[36m (0.6ms)[0m  [1m            SELECT sql
            FROM sqlite_master
            WHERE name='index_students_on_email' AND type='index'
            UNION ALL
            SELECT sql
            FROM sqlite_temp_master
            WHERE name='index_students_on_email' AND type='index'
[0m
  [1m[35m (11.6ms)[0m  CREATE UNIQUE INDEX "index_students_on_username" ON "students" ("username")
  [1m[36m (12.4ms)[0m  [1mCREATE TABLE "schema_migrations" ("version" varchar NOT NULL) [0m
  [1m[35m (12.1ms)[0m  CREATE UNIQUE INDEX "unique_schema_migrations" ON "schema_migrations" ("version")
  [1m[36m (1.9ms)[0m  [1mSELECT version FROM "schema_migrations"[0m
  [1m[35m (13.1ms)[0m  INSERT INTO "schema_migrations" (version) VALUES ('20190204034859')


Started GET "/" for 127.0.0.1 at 2019-02-05 08:39:36 -0600
  [1m[36mActiveRecord::SchemaMigration Load (1.0ms)[0m  [1mSELECT "schema_migrations".* FROM "schema_migrations"[0m
Processing by Rails::WelcomeController#index as HTML
  Rendered /root/.rbenv/versions/2.4.4/lib/ruby/gems/2.4.0/gems/railties-4.2.10/lib/rails/templates/rails/welcome/index.html.erb (36.0ms)
Completed 200 OK in 295ms (Views: 227.0ms | ActiveRecord: 0.0ms)
